build/app/intermediates/manifest_merge_blame_file/release/manifest-merger-blame-release-report.txt
1<?xml version="1.0" encoding="utf-8"?>
2<manifest xmlns:android="http://schemas.android.com/apk/res/android"
3    package="com.example.event_organizer"
4    android:versionCode="1"
5    android:versionName="1.0.0" >
6
7    <uses-sdk
8        android:minSdkVersion="21"
8-->src\main\AndroidManifest.xml
9        android:targetSdkVersion="30" />
9-->src\main\AndroidManifest.xml
10
11    <uses-permission android:name="android.permission.ACCESS_NETWORK_STATE" />
11-->src\main\AndroidManifest.xml:4:5-79
11-->src\main\AndroidManifest.xml:4:22-76
12    <uses-permission android:name="android.permission.INTERNET" />
12-->src\main\AndroidManifest.xml:5:5-67
12-->src\main\AndroidManifest.xml:5:22-64
13    <uses-permission android:name="android.permission.READ_EXTERNAL_STORAGE" />
13-->[:file_picker] AndroidManifest.xml:9:5-80
13-->[:file_picker] AndroidManifest.xml:9:22-77
14
15    <queries>
15-->[:file_picker] AndroidManifest.xml:11:5-17:15
16        <intent>
16-->[:file_picker] AndroidManifest.xml:12:9-16:18
17            <action android:name="android.intent.action.GET_CONTENT" />
17-->[:file_picker] AndroidManifest.xml:13:13-72
17-->[:file_picker] AndroidManifest.xml:13:21-69
18
19            <data android:mimeType="*/*" />
19-->[:file_picker] AndroidManifest.xml:15:13-44
19-->[:file_picker] AndroidManifest.xml:15:19-41
20        </intent>
21    </queries>
22
23    <application
24        android:name="android.app.Application"
24-->src\main\AndroidManifest.xml:8:9-42
25        android:appComponentFactory="androidx.core.app.CoreComponentFactory"
25-->[androidx.core:core:1.8.0] AndroidManifest.xml:24:18-86
26        android:icon="@mipmap/ic_launcher"
26-->src\main\AndroidManifest.xml:9:9-43
27        android:label="Event Manager" >
27-->src\main\AndroidManifest.xml:7:9-38
28        <activity
28-->src\main\AndroidManifest.xml:10:9-30:20
29            android:name="com.example.event_organizer.MainActivity"
29-->src\main\AndroidManifest.xml:11:13-41
30            android:configChanges="orientation|keyboardHidden|keyboard|screenSize|smallestScreenSize|locale|layoutDirection|fontScale|screenLayout|density|uiMode"
30-->src\main\AndroidManifest.xml:15:13-163
31            android:exported="true"
31-->src\main\AndroidManifest.xml:12:13-36
32            android:hardwareAccelerated="true"
32-->src\main\AndroidManifest.xml:16:13-47
33            android:launchMode="singleTop"
33-->src\main\AndroidManifest.xml:13:13-43
34            android:theme="@style/LaunchTheme"
34-->src\main\AndroidManifest.xml:14:13-47
35            android:windowSoftInputMode="adjustResize" >
35-->src\main\AndroidManifest.xml:17:13-55
36
37            <!--
38                 Specifies an Android theme to apply to this Activity as soon as
39                 the Android process has started. This theme is visible to the user
40                 while the Flutter UI initializes. After that, this theme continues
41                 to determine the Window background behind the Flutter UI.
42            -->
43            <meta-data
43-->src\main\AndroidManifest.xml:22:13-25:17
44                android:name="io.flutter.embedding.android.NormalTheme"
44-->src\main\AndroidManifest.xml:23:15-70
45                android:resource="@style/NormalTheme" />
45-->src\main\AndroidManifest.xml:24:15-52
46
47            <intent-filter>
47-->src\main\AndroidManifest.xml:26:13-29:29
48                <action android:name="android.intent.action.MAIN" />
48-->src\main\AndroidManifest.xml:27:17-68
48-->src\main\AndroidManifest.xml:27:25-66
49
50                <category android:name="android.intent.category.LAUNCHER" />
50-->src\main\AndroidManifest.xml:28:17-76
50-->src\main\AndroidManifest.xml:28:27-74
51            </intent-filter>
52        </activity>
53        <!--
54             Don't delete the meta-data below.
55             This is used by the Flutter tool to generate GeneratedPluginRegistrant.java
56        -->
57        <meta-data
57-->src\main\AndroidManifest.xml:33:9-35:33
58            android:name="flutterEmbedding"
58-->src\main\AndroidManifest.xml:34:13-44
59            android:value="2" />
59-->src\main\AndroidManifest.xml:35:13-30
60
61        <service
61-->[:firebase_auth] AndroidManifest.xml:10:9-14:19
62            android:name="com.google.firebase.components.ComponentDiscoveryService"
62-->[:firebase_auth] AndroidManifest.xml:10:18-89
63            android:directBootAware="true"
63-->[com.google.firebase:firebase-common:20.1.1] AndroidManifest.xml:35:13-43
64            android:exported="false" >
64-->[com.google.firebase:firebase-auth:21.0.5] AndroidManifest.xml:66:13-37
65            <meta-data
65-->[:firebase_auth] AndroidManifest.xml:11:13-13:85
66                android:name="com.google.firebase.components:io.flutter.plugins.firebase.auth.FlutterFirebaseAuthRegistrar"
66-->[:firebase_auth] AndroidManifest.xml:12:17-124
67                android:value="com.google.firebase.components.ComponentRegistrar" />
67-->[:firebase_auth] AndroidManifest.xml:13:17-82
68            <meta-data
68-->[:firebase_database] AndroidManifest.xml:11:13-13:85
69                android:name="com.google.firebase.components:io.flutter.plugins.firebase.database.FlutterFirebaseAppRegistrar"
69-->[:firebase_database] AndroidManifest.xml:12:17-127
70                android:value="com.google.firebase.components.ComponentRegistrar" />
70-->[:firebase_database] AndroidManifest.xml:13:17-82
71            <meta-data
71-->[:firebase_storage] AndroidManifest.xml:11:13-13:85
72                android:name="com.google.firebase.components:io.flutter.plugins.firebase.storage.FlutterFirebaseAppRegistrar"
72-->[:firebase_storage] AndroidManifest.xml:12:17-126
73                android:value="com.google.firebase.components.ComponentRegistrar" />
73-->[:firebase_storage] AndroidManifest.xml:13:17-82
74            <meta-data
74-->[:cloud_firestore] AndroidManifest.xml:11:13-13:85
75                android:name="com.google.firebase.components:io.flutter.plugins.firebase.firestore.FlutterFirebaseFirestoreRegistrar"
75-->[:cloud_firestore] AndroidManifest.xml:12:17-134
76                android:value="com.google.firebase.components.ComponentRegistrar" />
76-->[:cloud_firestore] AndroidManifest.xml:13:17-82
77            <meta-data
77-->[:firebase_core] AndroidManifest.xml:11:13-13:85
78                android:name="com.google.firebase.components:io.flutter.plugins.firebase.core.FlutterFirebaseCoreRegistrar"
78-->[:firebase_core] AndroidManifest.xml:12:17-124
79                android:value="com.google.firebase.components.ComponentRegistrar" />
79-->[:firebase_core] AndroidManifest.xml:13:17-82
80            <meta-data
80-->[com.google.firebase:firebase-auth:21.0.5] AndroidManifest.xml:67:13-69:85
81                android:name="com.google.firebase.components:com.google.firebase.auth.FirebaseAuthRegistrar"
81-->[com.google.firebase:firebase-auth:21.0.5] AndroidManifest.xml:68:17-109
82                android:value="com.google.firebase.components.ComponentRegistrar" />
82-->[com.google.firebase:firebase-auth:21.0.5] AndroidManifest.xml:69:17-82
83            <meta-data
83-->[com.google.firebase:firebase-firestore:24.1.2] AndroidManifest.xml:20:13-22:85
84                android:name="com.google.firebase.components:com.google.firebase.firestore.FirestoreRegistrar"
84-->[com.google.firebase:firebase-firestore:24.1.2] AndroidManifest.xml:21:17-111
85                android:value="com.google.firebase.components.ComponentRegistrar" />
85-->[com.google.firebase:firebase-firestore:24.1.2] AndroidManifest.xml:22:17-82
86            <meta-data
86-->[com.google.firebase:firebase-storage:20.0.1] AndroidManifest.xml:33:13-35:85
87                android:name="com.google.firebase.components:com.google.firebase.storage.StorageRegistrar"
87-->[com.google.firebase:firebase-storage:20.0.1] AndroidManifest.xml:34:17-107
88                android:value="com.google.firebase.components.ComponentRegistrar" />
88-->[com.google.firebase:firebase-storage:20.0.1] AndroidManifest.xml:35:17-82
89            <meta-data
89-->[com.google.firebase:firebase-database:20.0.5] AndroidManifest.xml:32:13-34:85
90                android:name="com.google.firebase.components:com.google.firebase.database.DatabaseRegistrar"
90-->[com.google.firebase:firebase-database:20.0.5] AndroidManifest.xml:33:17-109
91                android:value="com.google.firebase.components.ComponentRegistrar" />
91-->[com.google.firebase:firebase-database:20.0.5] AndroidManifest.xml:34:17-82
92        </service>
93
94        <provider
94-->[:image_picker_android] AndroidManifest.xml:10:9-18:20
95            android:name="io.flutter.plugins.imagepicker.ImagePickerFileProvider"
95-->[:image_picker_android] AndroidManifest.xml:11:13-82
96            android:authorities="com.example.event_organizer.flutter.image_provider"
96-->[:image_picker_android] AndroidManifest.xml:12:13-74
97            android:exported="false"
97-->[:image_picker_android] AndroidManifest.xml:13:13-37
98            android:grantUriPermissions="true" >
98-->[:image_picker_android] AndroidManifest.xml:14:13-47
99            <meta-data
99-->[:image_picker_android] AndroidManifest.xml:15:13-17:75
100                android:name="android.support.FILE_PROVIDER_PATHS"
100-->[:image_picker_android] AndroidManifest.xml:16:17-67
101                android:resource="@xml/flutter_image_picker_file_paths" />
101-->[:image_picker_android] AndroidManifest.xml:17:17-72
102        </provider>
103
104        <uses-library
104-->[androidx.window:window:1.0.0-beta04] AndroidManifest.xml:25:9-27:40
105            android:name="androidx.window.extensions"
105-->[androidx.window:window:1.0.0-beta04] AndroidManifest.xml:26:13-54
106            android:required="false" />
106-->[androidx.window:window:1.0.0-beta04] AndroidManifest.xml:27:13-37
107        <uses-library
107-->[androidx.window:window:1.0.0-beta04] AndroidManifest.xml:28:9-30:40
108            android:name="androidx.window.sidecar"
108-->[androidx.window:window:1.0.0-beta04] AndroidManifest.xml:29:13-51
109            android:required="false" />
109-->[androidx.window:window:1.0.0-beta04] AndroidManifest.xml:30:13-37
110
111        <activity
111-->[com.google.firebase:firebase-auth:21.0.5] AndroidManifest.xml:27:9-44:20
112            android:name="com.google.firebase.auth.internal.GenericIdpActivity"
112-->[com.google.firebase:firebase-auth:21.0.5] AndroidManifest.xml:28:13-80
113            android:excludeFromRecents="true"
113-->[com.google.firebase:firebase-auth:21.0.5] AndroidManifest.xml:29:13-46
114            android:exported="true"
114-->[com.google.firebase:firebase-auth:21.0.5] AndroidManifest.xml:30:13-36
115            android:launchMode="singleTask"
115-->[com.google.firebase:firebase-auth:21.0.5] AndroidManifest.xml:31:13-44
116            android:theme="@android:style/Theme.Translucent.NoTitleBar" >
116-->[com.google.firebase:firebase-auth:21.0.5] AndroidManifest.xml:32:13-72
117            <intent-filter>
117-->[com.google.firebase:firebase-auth:21.0.5] AndroidManifest.xml:33:13-43:29
118                <action android:name="android.intent.action.VIEW" />
118-->[com.google.firebase:firebase-auth:21.0.5] AndroidManifest.xml:34:17-69
118-->[com.google.firebase:firebase-auth:21.0.5] AndroidManifest.xml:34:25-66
119
120                <category android:name="android.intent.category.DEFAULT" />
120-->[com.google.firebase:firebase-auth:21.0.5] AndroidManifest.xml:36:17-76
120-->[com.google.firebase:firebase-auth:21.0.5] AndroidManifest.xml:36:27-73
121                <category android:name="android.intent.category.BROWSABLE" />
121-->[com.google.firebase:firebase-auth:21.0.5] AndroidManifest.xml:37:17-78
121-->[com.google.firebase:firebase-auth:21.0.5] AndroidManifest.xml:37:27-75
122
123                <data
123-->[:file_picker] AndroidManifest.xml:15:13-44
124                    android:host="firebase.auth"
125                    android:path="/"
126                    android:scheme="genericidp" />
127            </intent-filter>
128        </activity>
129        <activity
129-->[com.google.firebase:firebase-auth:21.0.5] AndroidManifest.xml:45:9-62:20
130            android:name="com.google.firebase.auth.internal.RecaptchaActivity"
130-->[com.google.firebase:firebase-auth:21.0.5] AndroidManifest.xml:46:13-79
131            android:excludeFromRecents="true"
131-->[com.google.firebase:firebase-auth:21.0.5] AndroidManifest.xml:47:13-46
132            android:exported="true"
132-->[com.google.firebase:firebase-auth:21.0.5] AndroidManifest.xml:48:13-36
133            android:launchMode="singleTask"
133-->[com.google.firebase:firebase-auth:21.0.5] AndroidManifest.xml:49:13-44
134            android:theme="@android:style/Theme.Translucent.NoTitleBar" >
134-->[com.google.firebase:firebase-auth:21.0.5] AndroidManifest.xml:50:13-72
135            <intent-filter>
135-->[com.google.firebase:firebase-auth:21.0.5] AndroidManifest.xml:51:13-61:29
136                <action android:name="android.intent.action.VIEW" />
136-->[com.google.firebase:firebase-auth:21.0.5] AndroidManifest.xml:34:17-69
136-->[com.google.firebase:firebase-auth:21.0.5] AndroidManifest.xml:34:25-66
137
138                <category android:name="android.intent.category.DEFAULT" />
138-->[com.google.firebase:firebase-auth:21.0.5] AndroidManifest.xml:36:17-76
138-->[com.google.firebase:firebase-auth:21.0.5] AndroidManifest.xml:36:27-73
139                <category android:name="android.intent.category.BROWSABLE" />
139-->[com.google.firebase:firebase-auth:21.0.5] AndroidManifest.xml:37:17-78
139-->[com.google.firebase:firebase-auth:21.0.5] AndroidManifest.xml:37:27-75
140
141                <data
141-->[:file_picker] AndroidManifest.xml:15:13-44
142                    android:host="firebase.auth"
143                    android:path="/"
144                    android:scheme="recaptcha" />
145            </intent-filter>
146        </activity>
147
148        <provider
148-->[com.google.firebase:firebase-common:20.1.1] AndroidManifest.xml:26:9-31:39
149            android:name="com.google.firebase.provider.FirebaseInitProvider"
149-->[com.google.firebase:firebase-common:20.1.1] AndroidManifest.xml:27:13-77
150            android:authorities="com.example.event_organizer.firebaseinitprovider"
150-->[com.google.firebase:firebase-common:20.1.1] AndroidManifest.xml:28:13-72
151            android:directBootAware="true"
151-->[com.google.firebase:firebase-common:20.1.1] AndroidManifest.xml:29:13-43
152            android:exported="false"
152-->[com.google.firebase:firebase-common:20.1.1] AndroidManifest.xml:30:13-37
153            android:initOrder="100" />
153-->[com.google.firebase:firebase-common:20.1.1] AndroidManifest.xml:31:13-36
154
155        <activity
155-->[com.google.android.gms:play-services-base:18.0.1] AndroidManifest.xml:20:9-22:45
156            android:name="com.google.android.gms.common.api.GoogleApiActivity"
156-->[com.google.android.gms:play-services-base:18.0.1] AndroidManifest.xml:20:19-85
157            android:exported="false"
157-->[com.google.android.gms:play-services-base:18.0.1] AndroidManifest.xml:22:19-43
158            android:theme="@android:style/Theme.Translucent.NoTitleBar" />
158-->[com.google.android.gms:play-services-base:18.0.1] AndroidManifest.xml:21:19-78
159
160        <meta-data
160-->[com.google.android.gms:play-services-basement:18.0.0] AndroidManifest.xml:21:9-23:69
161            android:name="com.google.android.gms.version"
161-->[com.google.android.gms:play-services-basement:18.0.0] AndroidManifest.xml:22:13-58
162            android:value="@integer/google_play_services_version" />
162-->[com.google.android.gms:play-services-basement:18.0.0] AndroidManifest.xml:23:13-66
163    </application>
164
165</manifest>